<?xml version="1.0" encoding="UTF-8"?>
<!-- Generated by org.testng.reporters.JUnitReportReporter -->
<testsuite hostname="LE001442" failures="0" tests="3" name="org.Test.Reease_2" time="80.889" errors="0" timestamp="2023-08-28T12:18:52 IST" skipped="0">
  <testcase classname="org.Test.Reease_2" name="AgentCreation_UserManagement" time="14.895"/>
  <system-out/>
  <testcase classname="org.Test.Reease_2" name="userCreated" time="35.065"/>
  <system-out/>
  <testcase classname="org.Test.Reease_2" name="UserManagement" time="30.929"/>
  <system-out/>
</testsuite> <!-- org.Test.Reease_2 -->
