<?xml version="1.0" encoding="UTF-8"?>
<!-- Generated by org.testng.reporters.JUnitReportReporter -->
<testsuite hostname="LE001442" failures="0" tests="1" name="org.Test.AMkmkm" time="28.152" errors="0" timestamp="2023-09-27T18:37:07 IST" skipped="0">
  <testcase classname="org.Test.AMkmkm" name="ioub" time="28.152"/>
  <system-out/>
</testsuite> <!-- org.Test.AMkmkm -->
