<?xml version="1.0" encoding="UTF-8"?>
<!-- Generated by org.testng.reporters.JUnitReportReporter -->
<testsuite hostname="LE001442" failures="0" tests="3" name="org.Test.UserManage" time="75.844" errors="0" timestamp="2023-08-04T13:28:11 IST" skipped="0">
  <testcase classname="org.Test.UserManage" name="userCreated" time="31.197"/>
  <system-out/>
  <testcase classname="org.Test.UserManage" name="Dummy" time="14.739"/>
  <system-out/>
  <testcase classname="org.Test.UserManage" name="UserManagement" time="29.908"/>
  <system-out/>
</testsuite> <!-- org.Test.UserManage -->
