<?xml version="1.0" encoding="UTF-8"?>
<!-- Generated by org.testng.reporters.JUnitReportReporter -->
<testsuite hostname="LE001442" failures="0" tests="1" name="org.Test.moiouj" time="111.214" errors="0" timestamp="2023-09-26T17:50:59 IST" skipped="0">
  <testcase classname="org.Test.moiouj" name="runink" time="111.214"/>
  <system-out/>
</testsuite> <!-- org.Test.moiouj -->
