<?xml version="1.0" encoding="UTF-8"?>
<!-- Generated by org.testng.reporters.JUnitReportReporter -->
<testsuite hostname="LE001442" failures="0" tests="7" name="org.Test.Realease_1" time="164.639" errors="0" timestamp="2023-08-28T16:40:44 IST" skipped="0">
  <testcase classname="org.Test.Realease_1" name="VisualIVR" time="21.396"/>
  <system-out/>
  <testcase classname="org.Test.Realease_1" name="BotManagement" time="22.708"/>
  <system-out/>
  <testcase classname="org.Test.Realease_1" name="funCheck" time="24.519"/>
  <system-out/>
  <testcase classname="org.Test.Realease_1" name="dragDrop" time="67.679"/>
  <system-out/>
  <testcase classname="org.Test.Realease_1" name="AgentbotStatusCheck" time="13.514"/>
  <system-out/>
  <testcase classname="org.Test.Realease_1" name="Agent2botStatusCheck" time="7.168"/>
  <system-out/>
  <testcase classname="org.Test.Realease_1" name="logout" time="7.655"/>
  <system-out/>
</testsuite> <!-- org.Test.Realease_1 -->
