<?xml version="1.0" encoding="UTF-8"?>
<!-- Generated by org.testng.reporters.JUnitReportReporter -->
<testsuite hostname="LE001442" failures="0" tests="1" name="org.Test.Service" time="48.101" errors="0" timestamp="2023-08-31T16:25:31 IST" skipped="0">
  <testcase classname="org.Test.Service" name="poiut" time="48.101"/>
  <system-out/>
</testsuite> <!-- org.Test.Service -->
