<?xml version="1.0" encoding="UTF-8"?>
<!-- Generated by org.testng.reporters.JUnitReportReporter -->
<testsuite hostname="LE001442" failures="0" tests="1" name="org.Base.moiouj" time="24.167" errors="0" timestamp="2023-08-30T15:08:50 IST" skipped="0">
  <testcase classname="org.Base.moiouj" name="runink" time="24.167"/>
  <system-out/>
</testsuite> <!-- org.Base.moiouj -->
