<?xml version="1.0" encoding="UTF-8"?>
<!-- Generated by org.testng.reporters.JUnitReportReporter -->
<testsuite hostname="LE001442" failures="0" tests="1" name="org.Test.moiouj" time="9.487" errors="0" timestamp="2023-08-30T16:10:07 IST" skipped="0">
  <testcase classname="org.Test.moiouj" name="runink" time="9.487"/>
  <system-out/>
</testsuite> <!-- org.Test.moiouj -->
