<?xml version="1.0" encoding="UTF-8"?>
<!-- Generated by org.testng.reporters.JUnitReportReporter -->
<testsuite hostname="LE001442" failures="0" tests="1" name="org.Test.TestPart" time="42.184" errors="0" timestamp="2023-09-13T14:52:03 IST" skipped="0">
  <testcase classname="org.Test.TestPart" name="scrool" time="42.184"/>
  <system-out/>
</testsuite> <!-- org.Test.TestPart -->
