<?xml version="1.0" encoding="UTF-8"?>
<!-- Generated by org.testng.reporters.JUnitReportReporter -->
<testsuite hostname="LE001442" failures="0" tests="1" name="org.Test.UpdatedFlow" time="224.906" errors="0" timestamp="2023-09-01T18:06:10 IST" skipped="0">
  <testcase classname="org.Test.UpdatedFlow" name="Dummy" time="224.906"/>
  <system-out/>
</testsuite> <!-- org.Test.UpdatedFlow -->
