<?xml version="1.0" encoding="UTF-8"?>
<!-- Generated by org.testng.reporters.JUnitReportReporter -->
<testsuite hostname="LE001442" failures="0" tests="1" name="org.Test.Login" time="8.092" errors="0" timestamp="2023-07-07T15:13:25 IST" skipped="0">
  <testcase classname="org.Test.Login" name="LoginFunction" time="8.092"/>
  <system-out/>
</testsuite> <!-- org.Test.Login -->
