<?xml version="1.0" encoding="UTF-8"?>
<!-- Generated by org.testng.reporters.JUnitReportReporter -->
<testsuite skipped="0" hostname="LE001442" name="org.Test.Windows" tests="1" failures="0" timestamp="2023-10-11T11:48:41 IST" time="49.284" errors="0">
  <testcase name="ioub" time="49.284" classname="org.Test.Windows"/>
  <system-out/>
</testsuite> <!-- org.Test.Windows -->
