<?xml version="1.0" encoding="UTF-8"?>
<!-- Generated by org.testng.reporters.JUnitReportReporter -->
<testsuite skipped="0" hostname="LE001442" name="org.Test.moiouj" tests="1" failures="0" timestamp="2023-08-30T15:27:48 IST" time="11.170" errors="0">
  <testcase name="runink" time="11.170" classname="org.Test.moiouj"/>
  <system-out/>
</testsuite> <!-- org.Test.moiouj -->
